test.obj : error LNK2005: main уже определен в main.obj
test.obj : error LNK2019: ссылка на неразрешенный внешний символ "public: __cdecl doctest::String::String(void)" (??0String@doctest@@QEAA@XZ) в функции "public: struct doctest::detail::Result __cdecl doctest::detail::Expression_lhs<int>::operator==<int>(int &&)" (??$?8H@?$Expression_lhs@H@detail@doctest@@QEAA?AUResult@12@$$QEAH@Z).
test.obj : error LNK2019: ссылка на неразрешенный внешний символ "public: __cdecl doctest::String::~String(void)" (??1String@doctest@@QEAA@XZ) в функции "public: struct doctest::detail::Result __cdecl doctest::detail::Expression_lhs<int>::operator==<int>(int &&)" (??$?8H@?$Expression_lhs@H@detail@doctest@@QEAA?AUResult@12@$$QEAH@Z).
test.obj : error LNK2019: ссылка на неразрешенный внешний символ "public: __cdecl doctest::String::String(char const *)" (??0String@doctest@@QEAA@PEBD@Z) в функции "class doctest::String __cdecl doctest::detail::stringifyBinaryExpr<int,int>(int const &,char const *,int const &)" (??$stringifyBinaryExpr@HH@detail@doctest@@YA?AVString@1@AEBHPEBD0@Z).
test.obj : error LNK2019: ссылка на неразрешенный внешний символ "class doctest::String __cdecl doctest::operator+(class doctest::String const &,class doctest::String const &)" (??Hdoctest@@YA?AVString@0@AEBV10@0@Z) в функции "class doctest::String __cdecl doctest::detail::stringifyBinaryExpr<int,int>(int const &,char const *,int const &)" (??$stringifyBinaryExpr@HH@detail@doctest@@YA?AVString@1@AEBHPEBD0@Z).
test.obj : error LNK2019: ссылка на неразрешенный внешний символ "class doctest::String __cdecl doctest::toString(int)" (?toString@doctest@@YA?AVString@1@H@Z) в функции "class doctest::String __cdecl doctest::detail::stringifyBinaryExpr<int,int>(int const &,char const *,int const &)" (??$stringifyBinaryExpr@HH@detail@doctest@@YA?AVString@1@AEBHPEBD0@Z).
test.obj : error LNK2019: ссылка на неразрешенный внешний символ "struct doctest::ContextOptions const * __cdecl doctest::getContextOptions(void)" (?getContextOptions@doctest@@YAPEBUContextOptions@1@XZ) в функции "public: struct doctest::detail::Result __cdecl doctest::detail::Expression_lhs<int>::operator==<int>(int &&)" (??$?8H@?$Expression_lhs@H@detail@doctest@@QEAA?AUResult@12@$$QEAH@Z).
test.obj : error LNK2019: ссылка на неразрешенный внешний символ "public: __cdecl doctest::detail::Result::Result(bool,class doctest::String const &)" (??0Result@detail@doctest@@QEAA@_NAEBVString@2@@Z) в функции "public: struct doctest::detail::Result __cdecl doctest::detail::Expression_lhs<int>::operator==<int>(int &&)" (??$?8H@?$Expression_lhs@H@detail@doctest@@QEAA?AUResult@12@$$QEAH@Z).
test.obj : error LNK2019: ссылка на неразрешенный внешний символ "public: __cdecl doctest::detail::ExpressionDecomposer::ExpressionDecomposer(enum doctest::assertType::Enum)" (??0ExpressionDecomposer@detail@doctest@@QEAA@W4Enum@assertType@2@@Z) в функции "void __cdecl DOCTEST_ANON_FUNC_2(void)" (?DOCTEST_ANON_FUNC_2@@YAXXZ).
test.obj : error LNK2019: ссылка на неразрешенный внешний символ "public: struct doctest::detail::TestSuite & __cdecl doctest::detail::TestSuite::operator*(char const *)" (??DTestSuite@detail@doctest@@QEAAAEAU012@PEBD@Z) в функции "void __cdecl `dynamic initializer for 'DOCTEST_ANON_VAR_0''(void)" (??__EDOCTEST_ANON_VAR_0@@YAXXZ).
test.obj : error LNK2019: ссылка на неразрешенный внешний символ "public: __cdecl doctest::detail::TestCase::TestCase(void (__cdecl*)(void),char const *,unsigned int,struct doctest::detail::TestSuite const &,class doctest::String const &,int)" (??0TestCase@detail@doctest@@QEAA@P6AXXZPEBDIAEBUTestSuite@12@AEBVString@2@H@Z) в функции "void __cdecl `dynamic initializer for 'DOCTEST_ANON_VAR_3''(void)" (??__EDOCTEST_ANON_VAR_3@@YAXXZ).
test.obj : error LNK2019: ссылка на неразрешенный внешний символ "public: struct doctest::detail::TestCase & __cdecl doctest::detail::TestCase::operator*(char const *)" (??DTestCase@detail@doctest@@QEAAAEAU012@PEBD@Z) в функции "void __cdecl `dynamic initializer for 'DOCTEST_ANON_VAR_3''(void)" (??__EDOCTEST_ANON_VAR_3@@YAXXZ).
test.obj : error LNK2019: ссылка на неразрешенный внешний символ "int __cdecl doctest::detail::regTest(struct doctest::detail::TestCase const &)" (?regTest@detail@doctest@@YAHAEBUTestCase@12@@Z) в функции "void __cdecl `dynamic initializer for 'DOCTEST_ANON_VAR_3''(void)" (??__EDOCTEST_ANON_VAR_3@@YAXXZ).
test.obj : error LNK2019: ссылка на неразрешенный внешний символ "int __cdecl doctest::detail::setTestSuite(struct doctest::detail::TestSuite const &)" (?setTestSuite@detail@doctest@@YAHAEBUTestSuite@12@@Z) в функции "void __cdecl `dynamic initializer for 'DOCTEST_ANON_VAR_0''(void)" (??__EDOCTEST_ANON_VAR_0@@YAXXZ).
test.obj : error LNK2019: ссылка на неразрешенный внешний символ "public: __cdecl doctest::detail::ResultBuilder::ResultBuilder(enum doctest::assertType::Enum,char const *,int,char const *,char const *,class doctest::String const &)" (??0ResultBuilder@detail@doctest@@QEAA@W4Enum@assertType@2@PEBDH11AEBVString@2@@Z) в функции "void __cdecl DOCTEST_ANON_FUNC_2(void)" (?DOCTEST_ANON_FUNC_2@@YAXXZ).
test.obj : error LNK2019: ссылка на неразрешенный внешний символ "public: void __cdecl doctest::detail::ResultBuilder::setResult(struct doctest::detail::Result const &)" (?setResult@ResultBuilder@detail@doctest@@QEAAXAEBUResult@23@@Z) в функции "void __cdecl DOCTEST_ANON_FUNC_2(void)" (?DOCTEST_ANON_FUNC_2@@YAXXZ).
test.obj : error LNK2019: ссылка на неразрешенный внешний символ "public: void __cdecl doctest::detail::ResultBuilder::translateException(void)" (?translateException@ResultBuilder@detail@doctest@@QEAAXXZ) в функции __catch$?DOCTEST_ANON_FUNC_2@@YAXXZ$0.
test.obj : error LNK2019: ссылка на неразрешенный внешний символ "public: bool __cdecl doctest::detail::ResultBuilder::log(void)" (?log@ResultBuilder@detail@doctest@@QEAA_NXZ) в функции "void __cdecl DOCTEST_ANON_FUNC_2(void)" (?DOCTEST_ANON_FUNC_2@@YAXXZ).
test.obj : error LNK2019: ссылка на неразрешенный внешний символ "public: void __cdecl doctest::detail::ResultBuilder::react(void)const " (?react@ResultBuilder@detail@doctest@@QEBAXXZ) в функции "void __cdecl DOCTEST_ANON_FUNC_2(void)" (?DOCTEST_ANON_FUNC_2@@YAXXZ).
test.obj : error LNK2019: ссылка на неразрешенный внешний символ "struct doctest::detail::TestSuite & __cdecl doctest_detail_test_suite_ns::getCurrentTestSuite(void)" (?getCurrentTestSuite@doctest_detail_test_suite_ns@@YAAEAUTestSuite@detail@doctest@@XZ) в функции "void __cdecl `dynamic initializer for 'DOCTEST_ANON_VAR_3''(void)" (??__EDOCTEST_ANON_VAR_3@@YAXXZ).
C:\Users\user\source\repos\ProjectAiP\x64\Debug\ProjectAiP.exe : fatal error LNK1120: неразрешенных внешних элементов: 19
